<?xml version="1.0" encoding="UTF-8"?>
<!-- Generated by org.testng.reporters.JUnitXMLReporter -->
<testsuite ignored="3" hostname="SURAJ" failures="0" tests="3" name="Test" time="0.057" errors="0" timestamp="2026-09-11T20:05:01 IST">
  <testcase classname="GroupingTestCases.group1" name="go" time="0.011"/>
  <testcase classname="GroupingTestCases.group2" name="going" time="0.001"/>
  <testcase classname="GroupingTestCases.group2" name="runing" time="0.001"/>
  <testcase classname="GroupingTestCases.group1" name="run" time="0.0">
    <ignored/>
  </testcase> <!-- run -->
  <testcase classname="GroupingTestCases.group2" name="fastest" time="0.0">
    <ignored/>
  </testcase> <!-- fastest -->
  <testcase classname="GroupingTestCases.group1" name="fast" time="0.0">
    <ignored/>
  </testcase> <!-- fast -->
</testsuite> <!-- Test -->
