<?xml version="1.0" encoding="UTF-8"?>
<testng-results ignored="0" total="3" passed="3" failed="0" skipped="0">
  <reporter-output>
  </reporter-output>
  <suite started-at="2026-09-09T15:17:55 IST" name="Default suite" finished-at="2026-09-09T15:17:55 IST" duration-ms="110">
    <groups>
    </groups>
    <test started-at="2026-09-09T15:17:55 IST" name="Default test" finished-at="2026-09-09T15:17:55 IST" duration-ms="110">
      <class name="TestNgScript.demopriority">
        <test-method signature="c()[pri:-1, instance:TestNgScript.demopriority@1aafa419]" started-at="2026-09-09T15:17:55 IST" name="c" finished-at="2026-09-09T15:17:55 IST" duration-ms="19" status="PASS">
          <reporter-output>
          </reporter-output>
        </test-method> <!-- c -->
        <test-method signature="a()[pri:0, instance:TestNgScript.demopriority@1aafa419]" started-at="2026-09-09T15:17:55 IST" name="a" finished-at="2026-09-09T15:17:55 IST" duration-ms="3" status="PASS">
          <reporter-output>
          </reporter-output>
        </test-method> <!-- a -->
        <test-method signature="b()[pri:0, instance:TestNgScript.demopriority@1aafa419]" started-at="2026-09-09T15:17:55 IST" name="b" finished-at="2026-09-09T15:17:55 IST" duration-ms="2" status="PASS">
          <reporter-output>
          </reporter-output>
        </test-method> <!-- b -->
      </class> <!-- TestNgScript.demopriority -->
    </test> <!-- Default test -->
  </suite> <!-- Default suite -->
</testng-results>
