<?xml version="1.0" encoding="UTF-8"?>
<testng-results ignored="0" total="1" passed="1" failed="0" skipped="0">
  <reporter-output>
  </reporter-output>
  <suite started-at="2026-08-29T20:04:14 IST" name="Default suite" finished-at="2026-08-29T20:04:49 IST" duration-ms="34463">
    <groups>
    </groups>
    <test started-at="2026-08-29T20:04:14 IST" name="Default test" finished-at="2026-08-29T20:04:49 IST" duration-ms="34463">
      <class name="com.test.DemoblazeTest">
        <test-method is-config="true" signature="browserSetup()[pri:0, instance:com.test.DemoblazeTest@10683d9d]" started-at="2026-08-29T20:04:14 IST" name="browserSetup" finished-at="2026-08-29T20:04:20 IST" duration-ms="5779" status="PASS">
          <reporter-output>
          </reporter-output>
        </test-method> <!-- browserSetup -->
        <test-method signature="signUpLoginAddToCartPlaceOrderAndLogout()[pri:0, instance:com.test.DemoblazeTest@10683d9d]" started-at="2026-08-29T20:04:20 IST" name="signUpLoginAddToCartPlaceOrderAndLogout" finished-at="2026-08-29T20:04:49 IST" duration-ms="28589" status="PASS">
          <reporter-output>
          </reporter-output>
        </test-method> <!-- signUpLoginAddToCartPlaceOrderAndLogout -->
      </class> <!-- com.test.DemoblazeTest -->
    </test> <!-- Default test -->
  </suite> <!-- Default suite -->
</testng-results>
