<?xml version="1.0" encoding="UTF-8"?>
<!-- Generated by org.testng.reporters.JUnitReportReporter -->
<testsuite hostname="SURAJ" failures="0" tests="3" name="TestNgScript.priority" time="0.024" errors="0" timestamp="2026-09-09T15:14:24 IST" skipped="0">
  <testcase classname="TestNgScript.priority" name="c" time="0.003"/>
  <testcase classname="TestNgScript.priority" name="a" time="0.018"/>
  <testcase classname="TestNgScript.priority" name="b" time="0.003"/>
</testsuite> <!-- TestNgScript.priority -->
