<?xml version="1.0" encoding="UTF-8"?>
<!-- Generated by org.testng.reporters.JUnitReportReporter -->
<testsuite hostname="SURAJ" failures="0" tests="3" name="TestNgScript.demopriority" time="0.024" errors="0" timestamp="2026-09-09T15:17:55 IST" skipped="0">
  <testcase classname="TestNgScript.demopriority" name="c" time="0.019"/>
  <testcase classname="TestNgScript.demopriority" name="a" time="0.003"/>
  <testcase classname="TestNgScript.demopriority" name="b" time="0.002"/>
</testsuite> <!-- TestNgScript.demopriority -->
