<?xml version="1.0" encoding="UTF-8"?>
<!-- Generated by org.testng.reporters.JUnitReportReporter -->
<testsuite hostname="SURAJ" failures="0" tests="4" name="Testing.AutomationTesting.Groupingexample" time="0.030" errors="0" timestamp="2026-08-21T09:53:20 IST" skipped="0">
  <testcase classname="Testing.AutomationTesting.Groupingexample" name="searchTest" time="0.003"/>
  <testcase classname="Testing.AutomationTesting.Groupingexample" name="logoutTest" time="0.003"/>
  <testcase classname="Testing.AutomationTesting.Groupingexample" name="loginTest" time="0.021"/>
  <testcase classname="Testing.AutomationTesting.Groupingexample" name="paymentTest" time="0.003"/>
</testsuite> <!-- Testing.AutomationTesting.Groupingexample -->
