<?xml version="1.0" encoding="UTF-8"?>
<!-- Generated by org.testng.reporters.JUnitReportReporter -->
<testsuite hostname="SURAJ" failures="0" tests="3" name="Test_Automation_Testing.Demoa_From" time="7.237" errors="0" timestamp="2026-09-08T19:31:55 IST" skipped="0">
  <testcase classname="Test_Automation_Testing.Demoa_From" name="launch" time="6.900"/>
  <testcase classname="Test_Automation_Testing.Demoa_From" name="regiform" time="0.260"/>
  <testcase classname="Test_Automation_Testing.Demoa_From" name="personal" time="0.077"/>
</testsuite> <!-- Test_Automation_Testing.Demoa_From -->
