<?xml version="1.0" encoding="UTF-8"?>
<!-- Generated by org.testng.reporters.JUnitReportReporter -->
<testsuite hostname="SURAJ" failures="0" tests="2" name="Test_Automation_Testing.First_TestCase" time="0.011" errors="0" timestamp="2026-09-08T18:40:20 IST" skipped="0">
  <testcase classname="Test_Automation_Testing.First_TestCase" name="go" time="0.009"/>
  <testcase classname="Test_Automation_Testing.First_TestCase" name="run" time="0.002"/>
</testsuite> <!-- Test_Automation_Testing.First_TestCase -->
